<?xml version="1.0" encoding="UTF-8"?>
<!-- Generated by org.testng.reporters.JUnitXMLReporter -->
<testsuite ignored="0" hostname="WKWZTZEXhlyjsuc" failures="1" tests="1" name="Test5" time="13.401" errors="0" timestamp="2022-11-24T14:23:55 IST">
  <testcase classname="Day5.Vedio" name="login" time="6.412">
    <failure type="org.openqa.selenium.NoSuchElementException" message="For documentation on this error, please visit: https://selenium.dev/exceptions/#no_such_element
Build info: version: &amp;apos;4.6.0&amp;apos;, revision: &amp;apos;79f1c02ae20&amp;apos;
System info: os.name: &amp;apos;Windows 11&amp;apos;, os.arch: &amp;apos;amd64&amp;apos;, os.version: &amp;apos;10.0&amp;apos;, java.version: &amp;apos;17.0.5&amp;apos;
Driver info: org.openqa.selenium.remote.RemoteWebDriver
Command: [6c24abc17eefbe98e80b9b9f164a17a9b8325b77, findElement {using=xpath, value=//h1[text()=&amp;apos;Dashboard&amp;apos;]}]
Capabilities {acceptInsecureCerts: false, browserName: Safari, browserVersion: 15.6.1, platformName: MAC, safari:automaticInspection: false, safari:automaticProfiling: false, safari:diagnose: false, safari:platformBuildVersion: 21G83, safari:platformVersion: 12.5.1, safari:useSimulator: false, setWindowRect: true, strictFileInteractability: false, webdriver.remote.sessionid: 6c24abc17eefbe98e80b9b9f164..., webkit:WebRTC: {DisableICECandidateFiltering: false, DisableInsecureMediaCapture: false}}
Session ID: 6c24abc17eefbe98e80b9b9f164a17a9b8325b77">
      <![CDATA[org.openqa.selenium.NoSuchElementException: For documentation on this error, please visit: https://selenium.dev/exceptions/#no_such_element
Build info: version: '4.6.0', revision: '79f1c02ae20'
System info: os.name: 'Windows 11', os.arch: 'amd64', os.version: '10.0', java.version: '17.0.5'
Driver info: org.openqa.selenium.remote.RemoteWebDriver
Command: [6c24abc17eefbe98e80b9b9f164a17a9b8325b77, findElement {using=xpath, value=//h1[text()='Dashboard']}]
Capabilities {acceptInsecureCerts: false, browserName: Safari, browserVersion: 15.6.1, platformName: MAC, safari:automaticInspection: false, safari:automaticProfiling: false, safari:diagnose: false, safari:platformBuildVersion: 21G83, safari:platformVersion: 12.5.1, safari:useSimulator: false, setWindowRect: true, strictFileInteractability: false, webdriver.remote.sessionid: 6c24abc17eefbe98e80b9b9f164..., webkit:WebRTC: {DisableICECandidateFiltering: false, DisableInsecureMediaCapture: false}}
Session ID: 6c24abc17eefbe98e80b9b9f164a17a9b8325b77
at org.openqa.selenium.remote.codec.w3c.W3CHttpResponseCodec.createException(W3CHttpResponseCodec.java:200)
at org.openqa.selenium.remote.codec.w3c.W3CHttpResponseCodec.decode(W3CHttpResponseCodec.java:133)
at org.openqa.selenium.remote.codec.w3c.W3CHttpResponseCodec.decode(W3CHttpResponseCodec.java:53)
at org.openqa.selenium.remote.HttpCommandExecutor.execute(HttpCommandExecutor.java:184)
at org.openqa.selenium.remote.TracedCommandExecutor.execute(TracedCommandExecutor.java:51)
at org.openqa.selenium.remote.RemoteWebDriver.execute(RemoteWebDriver.java:541)
at org.openqa.selenium.remote.ElementLocation$ElementFinder$2.findElement(ElementLocation.java:162)
at org.openqa.selenium.remote.ElementLocation.findElement(ElementLocation.java:60)
at org.openqa.selenium.remote.RemoteWebDriver.findElement(RemoteWebDriver.java:365)
at org.openqa.selenium.remote.RemoteWebDriver.findElement(RemoteWebDriver.java:357)
at Day5.Vedio.login(Vedio.java:56)
at java.base/java.util.ArrayList.forEach(ArrayList.java:1511)
at java.base/java.util.concurrent.FutureTask.run(FutureTask.java:264)
at java.base/java.util.concurrent.ThreadPoolExecutor.runWorker(ThreadPoolExecutor.java:1136)
at java.base/java.util.concurrent.ThreadPoolExecutor$Worker.run(ThreadPoolExecutor.java:635)
at java.base/java.lang.Thread.run(Thread.java:833)
... Removed 23 stack frames]]>
    </failure>
  </testcase> <!-- login -->
</testsuite> <!-- Test5 -->
